2016-03-21 09:00:15.406+0000 INFO  [o.n.k.i.f.CommunityFacadeFactory] No locking implementation specified, defaulting to 'community'
2016-03-21 09:00:15.453+0000 INFO  [o.n.k.AvailabilityGuard] Requirement makes database unavailable: Database available
2016-03-21 09:00:15.461+0000 INFO  [o.n.k.i.DiagnosticsManager] --- INITIALIZED diagnostics START ---
2016-03-21 09:00:15.461+0000 INFO  [o.n.k.i.DiagnosticsManager] Neo4j Kernel properties:
2016-03-21 09:00:15.462+0000 INFO  [o.n.k.i.DiagnosticsManager] ephemeral=false
2016-03-21 09:00:15.463+0000 INFO  [o.n.k.i.DiagnosticsManager] edition=Community
2016-03-21 09:00:15.463+0000 INFO  [o.n.k.i.DiagnosticsManager] Diagnostics providers:
2016-03-21 09:00:15.463+0000 INFO  [o.n.k.i.DiagnosticsManager] org.neo4j.kernel.configuration.Config
2016-03-21 09:00:15.463+0000 INFO  [o.n.k.i.DiagnosticsManager] org.neo4j.kernel.info.DiagnosticsManager
2016-03-21 09:00:15.463+0000 INFO  [o.n.k.i.DiagnosticsManager] SYSTEM_MEMORY
2016-03-21 09:00:15.463+0000 INFO  [o.n.k.i.DiagnosticsManager] JAVA_MEMORY
2016-03-21 09:00:15.463+0000 INFO  [o.n.k.i.DiagnosticsManager] OPERATING_SYSTEM
2016-03-21 09:00:15.463+0000 INFO  [o.n.k.i.DiagnosticsManager] JAVA_VIRTUAL_MACHINE
2016-03-21 09:00:15.463+0000 INFO  [o.n.k.i.DiagnosticsManager] CLASSPATH
2016-03-21 09:00:15.463+0000 INFO  [o.n.k.i.DiagnosticsManager] LIBRARY_PATH
2016-03-21 09:00:15.463+0000 INFO  [o.n.k.i.DiagnosticsManager] SYSTEM_PROPERTIES
2016-03-21 09:00:15.463+0000 INFO  [o.n.k.i.DiagnosticsManager] LINUX_SCHEDULERS
2016-03-21 09:00:15.463+0000 INFO  [o.n.k.i.DiagnosticsManager] NETWORK
2016-03-21 09:00:15.463+0000 INFO  [o.n.k.i.DiagnosticsManager] System memory information:
2016-03-21 09:00:15.467+0000 INFO  [o.n.k.i.DiagnosticsManager] Total Physical memory: 7.72 GB
2016-03-21 09:00:15.468+0000 INFO  [o.n.k.i.DiagnosticsManager] Free Physical memory: 997.70 MB
2016-03-21 09:00:15.468+0000 INFO  [o.n.k.i.DiagnosticsManager] Committed virtual memory: 4.61 GB
2016-03-21 09:00:15.468+0000 INFO  [o.n.k.i.DiagnosticsManager] Total swap space: 7.93 GB
2016-03-21 09:00:15.469+0000 INFO  [o.n.k.i.DiagnosticsManager] Free swap space: 6.81 GB
2016-03-21 09:00:15.469+0000 INFO  [o.n.k.i.DiagnosticsManager] JVM memory information:
2016-03-21 09:00:15.469+0000 INFO  [o.n.k.i.DiagnosticsManager] Free  memory: 80.70 MB
2016-03-21 09:00:15.469+0000 INFO  [o.n.k.i.DiagnosticsManager] Total memory: 119.00 MB
2016-03-21 09:00:15.469+0000 INFO  [o.n.k.i.DiagnosticsManager] Max   memory: 1.72 GB
2016-03-21 09:00:15.470+0000 INFO  [o.n.k.i.DiagnosticsManager] Garbage Collector: PS Scavenge: [PS Eden Space, PS Survivor Space]
2016-03-21 09:00:15.470+0000 INFO  [o.n.k.i.DiagnosticsManager] Garbage Collector: PS MarkSweep: [PS Eden Space, PS Survivor Space, PS Old Gen]
2016-03-21 09:00:15.471+0000 INFO  [o.n.k.i.DiagnosticsManager] Memory Pool: Code Cache (Non-heap memory): committed=3.06 MB, used=3.01 MB, max=240.00 MB, threshold=0.00 B
2016-03-21 09:00:15.471+0000 INFO  [o.n.k.i.DiagnosticsManager] Memory Pool: Metaspace (Non-heap memory): committed=9.25 MB, used=9.00 MB, max=-1.00 B, threshold=0.00 B
2016-03-21 09:00:15.471+0000 INFO  [o.n.k.i.DiagnosticsManager] Memory Pool: Compressed Class Space (Non-heap memory): committed=1.25 MB, used=1.15 MB, max=1.00 GB, threshold=0.00 B
2016-03-21 09:00:15.471+0000 INFO  [o.n.k.i.DiagnosticsManager] Memory Pool: PS Eden Space (Heap memory): committed=31.00 MB, used=20.36 MB, max=649.00 MB, threshold=?
2016-03-21 09:00:15.472+0000 INFO  [o.n.k.i.DiagnosticsManager] Memory Pool: PS Survivor Space (Heap memory): committed=5.00 MB, used=4.99 MB, max=5.00 MB, threshold=?
2016-03-21 09:00:15.472+0000 INFO  [o.n.k.i.DiagnosticsManager] Memory Pool: PS Old Gen (Heap memory): committed=83.00 MB, used=12.96 MB, max=1.29 GB, threshold=0.00 B
2016-03-21 09:00:15.472+0000 INFO  [o.n.k.i.DiagnosticsManager] Operating system information:
2016-03-21 09:00:15.472+0000 INFO  [o.n.k.i.DiagnosticsManager] Operating System: Linux; version: 4.2.0-30-generic; arch: amd64; cpus: 8
2016-03-21 09:00:15.472+0000 INFO  [o.n.k.i.DiagnosticsManager] Max number of file descriptors: 64.00 kB
2016-03-21 09:00:15.473+0000 INFO  [o.n.k.i.DiagnosticsManager] Number of open file descriptors: 53.00 B
2016-03-21 09:00:15.475+0000 INFO  [o.n.k.i.DiagnosticsManager] Process id: 607@max-monster
2016-03-21 09:00:15.475+0000 INFO  [o.n.k.i.DiagnosticsManager] Byte order: LITTLE_ENDIAN
2016-03-21 09:00:15.475+0000 INFO  [o.n.k.i.DiagnosticsManager] Local timezone: Asia/Almaty
2016-03-21 09:00:15.475+0000 INFO  [o.n.k.i.DiagnosticsManager] JVM information:
2016-03-21 09:00:15.476+0000 INFO  [o.n.k.i.DiagnosticsManager] VM Name: Java HotSpot(TM) 64-Bit Server VM
2016-03-21 09:00:15.476+0000 INFO  [o.n.k.i.DiagnosticsManager] VM Vendor: Oracle Corporation
2016-03-21 09:00:15.476+0000 INFO  [o.n.k.i.DiagnosticsManager] VM Version: 25.74-b02
2016-03-21 09:00:15.476+0000 INFO  [o.n.k.i.DiagnosticsManager] JIT compiler: HotSpot 64-Bit Tiered Compilers
2016-03-21 09:00:15.476+0000 INFO  [o.n.k.i.DiagnosticsManager] VM Arguments: [-Didea.launcher.port=7536, -Didea.launcher.bin.path=/home/max/IDE/idea 14/bin, -Dfile.encoding=UTF-8]
2016-03-21 09:00:15.476+0000 INFO  [o.n.k.i.DiagnosticsManager] Java classpath:
2016-03-21 09:00:15.477+0000 INFO  [o.n.k.i.DiagnosticsManager]  [classpath + loader.0] file:/home/max/My_Projects/neo4j-test/lib/lucene-core-3.6.2.jar
2016-03-21 09:00:15.477+0000 INFO  [o.n.k.i.DiagnosticsManager]  [classpath + loader.0] file:/home/max/My_Projects/neo4j-test/lib/neo4j-cypher-compiler-1.9_2.11-2.0.5.jar
2016-03-21 09:00:15.477+0000 INFO  [o.n.k.i.DiagnosticsManager]  [loader.1] file:/usr/lib/jvm/java-8-oracle/jre/lib/ext/zipfs.jar
2016-03-21 09:00:15.477+0000 INFO  [o.n.k.i.DiagnosticsManager]  [loader.1] file:/usr/lib/jvm/java-8-oracle/jre/lib/ext/jfxrt.jar
2016-03-21 09:00:15.477+0000 INFO  [o.n.k.i.DiagnosticsManager]  [classpath + loader.0] file:/home/max/My_Projects/neo4j-test/lib/concurrentlinkedhashmap-lru-1.4.2.jar
2016-03-21 09:00:15.477+0000 INFO  [o.n.k.i.DiagnosticsManager]  [classpath + loader.0] file:/home/max/My_Projects/neo4j-test/lib/scala-reflect-2.11.7.jar
2016-03-21 09:00:15.477+0000 INFO  [o.n.k.i.DiagnosticsManager]  [classpath + loader.0] file:/home/max/My_Projects/neo4j-test/out/production/neo4j-test/
2016-03-21 09:00:15.478+0000 INFO  [o.n.k.i.DiagnosticsManager]  [classpath + loader.0] file:/home/max/My_Projects/neo4j-test/lib/server-api-2.3.2.jar
2016-03-21 09:00:15.478+0000 INFO  [o.n.k.i.DiagnosticsManager]  [classpath + loader.0] file:/home/max/My_Projects/neo4j-test/lib/opencsv-2.3.jar
2016-03-21 09:00:15.478+0000 INFO  [o.n.k.i.DiagnosticsManager]  [loader.0] file:/home/max/IDE/idea%2014/lib/idea_rt.jar
2016-03-21 09:00:15.478+0000 INFO  [o.n.k.i.DiagnosticsManager]  [classpath + loader.0] file:/home/max/My_Projects/neo4j-test/lib/commons-lang3-3.3.2.jar
2016-03-21 09:00:15.478+0000 INFO  [o.n.k.i.DiagnosticsManager]  [classpath + loader.0] file:/home/max/My_Projects/neo4j-test/lib/scala-library-2.11.7.jar
2016-03-21 09:00:15.478+0000 INFO  [o.n.k.i.DiagnosticsManager]  [loader.1] file:/usr/lib/jvm/java-8-oracle/jre/lib/ext/jaccess.jar
2016-03-21 09:00:15.478+0000 INFO  [o.n.k.i.DiagnosticsManager]  [classpath + loader.0] file:/home/max/My_Projects/neo4j-test/lib/neo4j-kernel-2.3.2.jar
2016-03-21 09:00:15.478+0000 INFO  [o.n.k.i.DiagnosticsManager]  [classpath] /home/max/IDE/idea 14/lib/idea_rt.jar
2016-03-21 09:00:15.478+0000 INFO  [o.n.k.i.DiagnosticsManager]  [classpath + loader.0] file:/home/max/My_Projects/neo4j-test/lib/neo4j-graph-matching-2.3.2.jar
2016-03-21 09:00:15.478+0000 INFO  [o.n.k.i.DiagnosticsManager]  [classpath + loader.0] file:/usr/lib/jvm/java-8-oracle/jre/lib/deploy.jar
2016-03-21 09:00:15.478+0000 INFO  [o.n.k.i.DiagnosticsManager]  [classpath + loader.0] file:/home/max/My_Projects/neo4j-test/lib/neo4j-cypher-compiler-2.3-2.3.2.jar
2016-03-21 09:00:15.478+0000 INFO  [o.n.k.i.DiagnosticsManager]  [classpath + loader.0] file:/home/max/My_Projects/neo4j-test/lib/scala-parser-combinators_2.11-1.0.4.jar
2016-03-21 09:00:15.478+0000 INFO  [o.n.k.i.DiagnosticsManager]  [bootstrap + classpath + loader.0] file:/usr/lib/jvm/java-8-oracle/jre/lib/rt.jar
2016-03-21 09:00:15.478+0000 INFO  [o.n.k.i.DiagnosticsManager]  [classpath + loader.0] file:/home/max/My_Projects/neo4j-test/lib/neo4j-cypher-compiler-2.2_2.11-2.2.6.jar
2016-03-21 09:00:15.478+0000 INFO  [o.n.k.i.DiagnosticsManager]  [loader.1] file:/usr/lib/jvm/java-8-oracle/jre/lib/ext/sunpkcs11.jar
2016-03-21 09:00:15.478+0000 INFO  [o.n.k.i.DiagnosticsManager]  [classpath + loader.0] file:/home/max/My_Projects/neo4j-test/lib/neo4j-logging-2.3.2.jar
2016-03-21 09:00:15.478+0000 INFO  [o.n.k.i.DiagnosticsManager]  [classpath + loader.0] file:/usr/lib/jvm/java-8-oracle/jre/lib/management-agent.jar
2016-03-21 09:00:15.478+0000 INFO  [o.n.k.i.DiagnosticsManager]  [bootstrap + classpath + loader.0] file:/usr/lib/jvm/java-8-oracle/jre/lib/jce.jar
2016-03-21 09:00:15.478+0000 INFO  [o.n.k.i.DiagnosticsManager]  [classpath + loader.0] file:/home/max/My_Projects/neo4j-test/lib/neo4j-io-2.3.2.jar
2016-03-21 09:00:15.478+0000 INFO  [o.n.k.i.DiagnosticsManager]  [classpath + loader.0] file:/home/max/My_Projects/neo4j-test/lib/neo4j-shell-2.3.2.jar
2016-03-21 09:00:15.478+0000 INFO  [o.n.k.i.DiagnosticsManager]  [classpath + loader.0] file:/usr/lib/jvm/java-8-oracle/jre/lib/plugin.jar
2016-03-21 09:00:15.478+0000 INFO  [o.n.k.i.DiagnosticsManager]  [classpath + loader.0] file:/home/max/My_Projects/neo4j-test/lib/neo4j-unsafe-2.3.2.jar
2016-03-21 09:00:15.478+0000 INFO  [o.n.k.i.DiagnosticsManager]  [classpath + loader.0] file:/home/max/My_Projects/neo4j-test/lib/neo4j-import-tool-2.3.2.jar
2016-03-21 09:00:15.479+0000 INFO  [o.n.k.i.DiagnosticsManager]  [loader.1] file:/usr/lib/jvm/java-8-oracle/jre/lib/ext/cldrdata.jar
2016-03-21 09:00:15.479+0000 INFO  [o.n.k.i.DiagnosticsManager]  [bootstrap + classpath + loader.0] file:/usr/lib/jvm/java-8-oracle/jre/lib/resources.jar
2016-03-21 09:00:15.479+0000 INFO  [o.n.k.i.DiagnosticsManager]  [classpath + loader.0] file:/home/max/My_Projects/neo4j-test/lib/parboiled-core-1.1.7.jar
2016-03-21 09:00:15.479+0000 INFO  [o.n.k.i.DiagnosticsManager]  [classpath + loader.0] file:/usr/lib/jvm/java-8-oracle/jre/lib/jfxswt.jar
2016-03-21 09:00:15.479+0000 INFO  [o.n.k.i.DiagnosticsManager]  [loader.1] file:/usr/lib/jvm/java-8-oracle/jre/lib/ext/sunec.jar
2016-03-21 09:00:15.479+0000 INFO  [o.n.k.i.DiagnosticsManager]  [classpath + loader.0] file:/home/max/My_Projects/neo4j-test/lib/neo4j-cypher-frontend-2.3-2.3.2.jar
2016-03-21 09:00:15.479+0000 INFO  [o.n.k.i.DiagnosticsManager]  [classpath + loader.0] file:/home/max/My_Projects/neo4j-test/lib/jline-2.12.jar
2016-03-21 09:00:15.479+0000 INFO  [o.n.k.i.DiagnosticsManager]  [classpath + loader.0] file:/home/max/My_Projects/neo4j-test/lib/neo4j-graph-algo-2.3.2.jar
2016-03-21 09:00:15.479+0000 INFO  [o.n.k.i.DiagnosticsManager]  [classpath + loader.0] file:/home/max/My_Projects/neo4j-test/lib/neo4j-consistency-check-legacy-2.3.2.jar
2016-03-21 09:00:15.479+0000 INFO  [o.n.k.i.DiagnosticsManager]  [classpath + loader.0] file:/home/max/My_Projects/neo4j-test/lib/parboiled-scala_2.11-1.1.7.jar
2016-03-21 09:00:15.479+0000 INFO  [o.n.k.i.DiagnosticsManager]  [classpath + loader.0] file:/home/max/My_Projects/neo4j-test/lib/neo4j-function-2.3.2.jar
2016-03-21 09:00:15.479+0000 INFO  [o.n.k.i.DiagnosticsManager]  [loader.1] file:/usr/lib/jvm/java-8-oracle/jre/lib/ext/sunjce_provider.jar
2016-03-21 09:00:15.479+0000 INFO  [o.n.k.i.DiagnosticsManager]  [classpath + loader.0] file:/home/max/My_Projects/neo4j-test/lib/neo4j-consistency-check-2.3.2.jar
2016-03-21 09:00:15.479+0000 INFO  [o.n.k.i.DiagnosticsManager]  [bootstrap] /usr/lib/jvm/java-8-oracle/jre/classes
2016-03-21 09:00:15.479+0000 INFO  [o.n.k.i.DiagnosticsManager]  [classpath + loader.0] file:/home/max/My_Projects/neo4j-test/lib/neo4j-cypher-2.3.2.jar
2016-03-21 09:00:15.479+0000 INFO  [o.n.k.i.DiagnosticsManager]  [classpath + loader.0] file:/home/max/My_Projects/neo4j-test/lib/jdom-2.0.6.jar
2016-03-21 09:00:15.479+0000 INFO  [o.n.k.i.DiagnosticsManager]  [bootstrap + classpath + loader.0] file:/usr/lib/jvm/java-8-oracle/jre/lib/charsets.jar
2016-03-21 09:00:15.479+0000 INFO  [o.n.k.i.DiagnosticsManager]  [loader.1] file:/usr/lib/jvm/java-8-oracle/jre/lib/ext/nashorn.jar
2016-03-21 09:00:15.479+0000 INFO  [o.n.k.i.DiagnosticsManager]  [loader.1] file:/usr/lib/jvm/java-8-oracle/jre/lib/ext/dnsns.jar
2016-03-21 09:00:15.479+0000 INFO  [o.n.k.i.DiagnosticsManager]  [classpath + loader.0] file:/home/max/My_Projects/neo4j-test/lib/neo4j-jmx-2.3.2.jar
2016-03-21 09:00:15.479+0000 INFO  [o.n.k.i.DiagnosticsManager]  [classpath + loader.0] file:/home/max/My_Projects/neo4j-test/lib/neo4j-udc-2.3.2.jar
2016-03-21 09:00:15.479+0000 INFO  [o.n.k.i.DiagnosticsManager]  [classpath + loader.0] file:/usr/lib/jvm/java-8-oracle/jre/lib/javaws.jar
2016-03-21 09:00:15.479+0000 INFO  [o.n.k.i.DiagnosticsManager]  [bootstrap] /usr/lib/jvm/java-8-oracle/jre/lib/sunrsasign.jar
2016-03-21 09:00:15.479+0000 INFO  [o.n.k.i.DiagnosticsManager]  [classpath + loader.0] file:/home/max/My_Projects/neo4j-test/lib/neo4j-lucene-index-2.3.2.jar
2016-03-21 09:00:15.479+0000 INFO  [o.n.k.i.DiagnosticsManager]  [bootstrap + classpath + loader.0] file:/usr/lib/jvm/java-8-oracle/jre/lib/jfr.jar
2016-03-21 09:00:15.479+0000 INFO  [o.n.k.i.DiagnosticsManager]  [classpath + loader.0] file:/home/max/My_Projects/neo4j-test/lib/miglayout15-swing.jar
2016-03-21 09:00:15.479+0000 INFO  [o.n.k.i.DiagnosticsManager]  [loader.1] file:/usr/lib/jvm/java-8-oracle/jre/lib/ext/localedata.jar
2016-03-21 09:00:15.479+0000 INFO  [o.n.k.i.DiagnosticsManager]  [classpath + loader.0] file:/home/max/My_Projects/neo4j-test/lib/neo4j-primitive-collections-2.3.2.jar
2016-03-21 09:00:15.479+0000 INFO  [o.n.k.i.DiagnosticsManager]  [classpath + loader.0] file:/home/max/My_Projects/neo4j-test/lib/neo4j-codegen-2.3.2.jar
2016-03-21 09:00:15.479+0000 INFO  [o.n.k.i.DiagnosticsManager]  [classpath + loader.0] file:/home/max/My_Projects/neo4j-test/lib/neo4j-csv-2.3.2.jar
2016-03-21 09:00:15.480+0000 INFO  [o.n.k.i.DiagnosticsManager]  [bootstrap + classpath + loader.0] file:/usr/lib/jvm/java-8-oracle/jre/lib/jsse.jar
2016-03-21 09:00:15.480+0000 INFO  [o.n.k.i.DiagnosticsManager] Library path:
2016-03-21 09:00:15.480+0000 INFO  [o.n.k.i.DiagnosticsManager] /home/max/IDE/idea 14/bin
2016-03-21 09:00:15.480+0000 INFO  [o.n.k.i.DiagnosticsManager] /home/max/My_Projects/neo4j-test
2016-03-21 09:00:15.480+0000 INFO  [o.n.k.i.DiagnosticsManager] /usr/java/packages/lib/amd64
2016-03-21 09:00:15.480+0000 INFO  [o.n.k.i.DiagnosticsManager] /usr/lib64
2016-03-21 09:00:15.480+0000 INFO  [o.n.k.i.DiagnosticsManager] /lib64
2016-03-21 09:00:15.480+0000 INFO  [o.n.k.i.DiagnosticsManager] /lib
2016-03-21 09:00:15.480+0000 INFO  [o.n.k.i.DiagnosticsManager] /usr/lib
2016-03-21 09:00:15.481+0000 INFO  [o.n.k.i.DiagnosticsManager] System.properties:
2016-03-21 09:00:15.481+0000 INFO  [o.n.k.i.DiagnosticsManager] sun.boot.library.path = /usr/lib/jvm/java-8-oracle/jre/lib/amd64
2016-03-21 09:00:15.481+0000 INFO  [o.n.k.i.DiagnosticsManager] path.separator = :
2016-03-21 09:00:15.481+0000 INFO  [o.n.k.i.DiagnosticsManager] idea.launcher.port = 7536
2016-03-21 09:00:15.481+0000 INFO  [o.n.k.i.DiagnosticsManager] file.encoding.pkg = sun.io
2016-03-21 09:00:15.481+0000 INFO  [o.n.k.i.DiagnosticsManager] user.country = US
2016-03-21 09:00:15.481+0000 INFO  [o.n.k.i.DiagnosticsManager] sun.java.launcher = SUN_STANDARD
2016-03-21 09:00:15.482+0000 INFO  [o.n.k.i.DiagnosticsManager] sun.os.patch.level = unknown
2016-03-21 09:00:15.482+0000 INFO  [o.n.k.i.DiagnosticsManager] user.dir = /home/max/My_Projects/neo4j-test
2016-03-21 09:00:15.482+0000 INFO  [o.n.k.i.DiagnosticsManager] sun.jnu.encoding = UTF-8
2016-03-21 09:00:15.482+0000 INFO  [o.n.k.i.DiagnosticsManager] sun.management.compiler = HotSpot 64-Bit Tiered Compilers
2016-03-21 09:00:15.482+0000 INFO  [o.n.k.i.DiagnosticsManager] user.home = /home/max
2016-03-21 09:00:15.482+0000 INFO  [o.n.k.i.DiagnosticsManager] user.timezone = Asia/Almaty
2016-03-21 09:00:15.482+0000 INFO  [o.n.k.i.DiagnosticsManager] file.encoding = UTF-8
2016-03-21 09:00:15.482+0000 INFO  [o.n.k.i.DiagnosticsManager] idea.launcher.bin.path = /home/max/IDE/idea 14/bin
2016-03-21 09:00:15.482+0000 INFO  [o.n.k.i.DiagnosticsManager] user.name = max
2016-03-21 09:00:15.482+0000 INFO  [o.n.k.i.DiagnosticsManager] sun.java.command = com.intellij.rt.execution.application.AppMain kz.bgm.neo.NeoReco config.properties
2016-03-21 09:00:15.482+0000 INFO  [o.n.k.i.DiagnosticsManager] sun.arch.data.model = 64
2016-03-21 09:00:15.482+0000 INFO  [o.n.k.i.DiagnosticsManager] user.language = en
2016-03-21 09:00:15.482+0000 INFO  [o.n.k.i.DiagnosticsManager] awt.toolkit = sun.awt.X11.XToolkit
2016-03-21 09:00:15.482+0000 INFO  [o.n.k.i.DiagnosticsManager] file.separator = /
2016-03-21 09:00:15.482+0000 INFO  [o.n.k.i.DiagnosticsManager] sun.io.unicode.encoding = UnicodeLittle
2016-03-21 09:00:15.482+0000 INFO  [o.n.k.i.DiagnosticsManager] sun.cpu.endian = little
2016-03-21 09:00:15.482+0000 INFO  [o.n.k.i.DiagnosticsManager] sun.desktop = gnome
2016-03-21 09:00:15.482+0000 INFO  [o.n.k.i.DiagnosticsManager] sun.cpu.isalist = 
2016-03-21 09:00:15.482+0000 INFO  [o.n.k.i.DiagnosticsManager] Linux scheduler information:
2016-03-21 09:00:15.483+0000 INFO  [o.n.k.i.DiagnosticsManager] noop [deadline] cfq 
2016-03-21 09:00:15.483+0000 INFO  [o.n.k.i.DiagnosticsManager] noop [deadline] cfq 
2016-03-21 09:00:15.483+0000 INFO  [o.n.k.i.DiagnosticsManager] noop [deadline] cfq 
2016-03-21 09:00:15.483+0000 INFO  [o.n.k.i.DiagnosticsManager] none
2016-03-21 09:00:15.483+0000 INFO  [o.n.k.i.DiagnosticsManager] none
2016-03-21 09:00:15.484+0000 INFO  [o.n.k.i.DiagnosticsManager] none
2016-03-21 09:00:15.484+0000 INFO  [o.n.k.i.DiagnosticsManager] none
2016-03-21 09:00:15.484+0000 INFO  [o.n.k.i.DiagnosticsManager] none
2016-03-21 09:00:15.484+0000 INFO  [o.n.k.i.DiagnosticsManager] none
2016-03-21 09:00:15.484+0000 INFO  [o.n.k.i.DiagnosticsManager] none
2016-03-21 09:00:15.484+0000 INFO  [o.n.k.i.DiagnosticsManager] none
2016-03-21 09:00:15.484+0000 INFO  [o.n.k.i.DiagnosticsManager] none
2016-03-21 09:00:15.484+0000 INFO  [o.n.k.i.DiagnosticsManager] none
2016-03-21 09:00:15.484+0000 INFO  [o.n.k.i.DiagnosticsManager] none
2016-03-21 09:00:15.485+0000 INFO  [o.n.k.i.DiagnosticsManager] none
2016-03-21 09:00:15.485+0000 INFO  [o.n.k.i.DiagnosticsManager] none
2016-03-21 09:00:15.485+0000 INFO  [o.n.k.i.DiagnosticsManager] none
2016-03-21 09:00:15.485+0000 INFO  [o.n.k.i.DiagnosticsManager] none
2016-03-21 09:00:15.485+0000 INFO  [o.n.k.i.DiagnosticsManager] none
2016-03-21 09:00:15.485+0000 INFO  [o.n.k.i.DiagnosticsManager] none
2016-03-21 09:00:15.485+0000 INFO  [o.n.k.i.DiagnosticsManager] none
2016-03-21 09:00:15.485+0000 INFO  [o.n.k.i.DiagnosticsManager] none
2016-03-21 09:00:15.485+0000 INFO  [o.n.k.i.DiagnosticsManager] none
2016-03-21 09:00:15.486+0000 INFO  [o.n.k.i.DiagnosticsManager] none
2016-03-21 09:00:15.486+0000 INFO  [o.n.k.i.DiagnosticsManager] none
2016-03-21 09:00:15.486+0000 INFO  [o.n.k.i.DiagnosticsManager] none
2016-03-21 09:00:15.486+0000 INFO  [o.n.k.i.DiagnosticsManager] none
2016-03-21 09:00:15.486+0000 INFO  [o.n.k.i.DiagnosticsManager] Network information:
2016-03-21 09:00:15.487+0000 INFO  [o.n.k.i.DiagnosticsManager] Interface virbr0:
2016-03-21 09:00:15.487+0000 INFO  [o.n.k.i.DiagnosticsManager]     address: 192.168.122.1
2016-03-21 09:00:15.487+0000 INFO  [o.n.k.i.DiagnosticsManager] Interface vmnet8:
2016-03-21 09:00:15.488+0000 INFO  [o.n.k.i.DiagnosticsManager]     address: fe80:0:0:0:250:56ff:fec0:8%vmnet8
2016-03-21 09:00:15.488+0000 INFO  [o.n.k.i.DiagnosticsManager]     address: 172.16.14.1
2016-03-21 09:00:15.488+0000 INFO  [o.n.k.i.DiagnosticsManager] Interface vmnet1:
2016-03-21 09:00:15.488+0000 INFO  [o.n.k.i.DiagnosticsManager]     address: fe80:0:0:0:250:56ff:fec0:1%vmnet1
2016-03-21 09:00:15.488+0000 INFO  [o.n.k.i.DiagnosticsManager]     address: 172.16.243.1
2016-03-21 09:00:15.488+0000 INFO  [o.n.k.i.DiagnosticsManager] Interface enp2s0:
2016-03-21 09:00:15.488+0000 INFO  [o.n.k.i.DiagnosticsManager]     address: fe80:0:0:0:a2d3:c1ff:fe4f:7b90%enp2s0
2016-03-21 09:00:15.488+0000 INFO  [o.n.k.i.DiagnosticsManager]     address: 192.168.111.54
2016-03-21 09:00:15.488+0000 INFO  [o.n.k.i.DiagnosticsManager] Interface lo:
2016-03-21 09:00:15.488+0000 INFO  [o.n.k.i.DiagnosticsManager]     address: 0:0:0:0:0:0:0:1%lo
2016-03-21 09:00:15.488+0000 INFO  [o.n.k.i.DiagnosticsManager]     address: 127.0.0.1
2016-03-21 09:00:15.489+0000 INFO  [o.n.k.i.DiagnosticsManager] --- INITIALIZED diagnostics END ---
2016-03-21 09:00:16.954+0000 INFO  [o.n.k.a.i.i.LuceneLabelScanStore] No lucene scan store index found, this might just be first use. Preparing to rebuild.
2016-03-21 09:00:16.998+0000 INFO  [o.n.k.NeoStoreDataSource] Opened logical log [/home/max/My_Projects/neo4j-test/db/purchases/neostore.transaction.db.0] version=0, lastTxId=1 (clean)
2016-03-21 09:00:17.003+0000 WARN  [o.n.k.i.s.MetaDataStore] Missing counts store, rebuilding it.
2016-03-21 09:00:17.062+0000 INFO  [o.n.k.a.i.i.LuceneLabelScanStore] Rebuilding lucene scan store, this may take a while
2016-03-21 09:00:17.064+0000 INFO  [o.n.k.a.i.i.LuceneLabelScanStore] Lucene scan store rebuilt (roughly -1 nodes)
2016-03-21 09:00:17.067+0000 INFO  [o.n.k.KernelHealth] Kernel health set to OK
2016-03-21 09:00:17.193+0000 INFO  [o.n.k.AvailabilityGuard] Fulfilling of requirement makes database available: Database available
2016-03-21 09:00:17.193+0000 INFO  [o.n.k.i.f.CommunityFacadeFactory] Database is now ready
2016-03-21 09:00:17.194+0000 INFO  [o.n.k.i.DiagnosticsManager] --- STARTED diagnostics for KernelDiagnostics:Versions START ---
2016-03-21 09:00:17.194+0000 INFO  [o.n.k.i.DiagnosticsManager] Graph Database: Community StoreId{creationTime=1458550816811, randomId=2476392355597228320, storeVersion=15250506225055238, upgradeTime=1458550816811, upgradeId=1}
2016-03-21 09:00:17.194+0000 INFO  [o.n.k.i.DiagnosticsManager] Kernel version: 2.3.2,30a48a0
2016-03-21 09:00:17.194+0000 INFO  [o.n.k.i.DiagnosticsManager] --- STARTED diagnostics for KernelDiagnostics:Versions END ---
2016-03-21 09:00:17.195+0000 INFO  [o.n.k.i.DiagnosticsManager] --- STARTED diagnostics for NEO_STORE_VERSIONS START ---
2016-03-21 09:00:17.195+0000 INFO  [o.n.k.i.DiagnosticsManager] Store versions:
2016-03-21 09:00:17.195+0000 INFO  [o.n.k.i.DiagnosticsManager] Store versions:
2016-03-21 09:00:17.195+0000 INFO  [o.n.k.i.DiagnosticsManager] ArrayPropertyStore v0.A.6
2016-03-21 09:00:17.196+0000 INFO  [o.n.k.i.DiagnosticsManager] NodeStore v0.A.6
2016-03-21 09:00:17.196+0000 INFO  [o.n.k.i.DiagnosticsManager] StringPropertyStore v0.A.6
2016-03-21 09:00:17.196+0000 INFO  [o.n.k.i.DiagnosticsManager] PropertyIndexStore v0.A.6
2016-03-21 09:00:17.196+0000 INFO  [o.n.k.i.DiagnosticsManager] StringPropertyStore v0.A.6
2016-03-21 09:00:17.196+0000 INFO  [o.n.k.i.DiagnosticsManager] ArrayPropertyStore v0.A.6
2016-03-21 09:00:17.196+0000 INFO  [o.n.k.i.DiagnosticsManager] PropertyStore v0.A.6
2016-03-21 09:00:17.196+0000 INFO  [o.n.k.i.DiagnosticsManager] RelationshipStore v0.A.6
2016-03-21 09:00:17.196+0000 INFO  [o.n.k.i.DiagnosticsManager] StringPropertyStore v0.A.6
2016-03-21 09:00:17.196+0000 INFO  [o.n.k.i.DiagnosticsManager] RelationshipTypeStore v0.A.6
2016-03-21 09:00:17.196+0000 INFO  [o.n.k.i.DiagnosticsManager] StringPropertyStore v0.A.6
2016-03-21 09:00:17.196+0000 INFO  [o.n.k.i.DiagnosticsManager] LabelTokenStore v0.A.6
2016-03-21 09:00:17.196+0000 INFO  [o.n.k.i.DiagnosticsManager] SchemaStore v0.A.6
2016-03-21 09:00:17.196+0000 INFO  [o.n.k.i.DiagnosticsManager] RelationshipGroupStore v0.A.6
2016-03-21 09:00:17.196+0000 INFO  [o.n.k.i.DiagnosticsManager] NeoStore v0.A.6
2016-03-21 09:00:17.196+0000 INFO  [o.n.k.i.DiagnosticsManager] --- STARTED diagnostics for NEO_STORE_VERSIONS END ---
2016-03-21 09:00:17.197+0000 INFO  [o.n.k.i.DiagnosticsManager] --- STARTED diagnostics for NEO_STORE_ID_USAGE START ---
2016-03-21 09:00:17.197+0000 INFO  [o.n.k.i.DiagnosticsManager] Id usage:
2016-03-21 09:00:17.197+0000 INFO  [o.n.k.i.DiagnosticsManager] Id usage:
2016-03-21 09:00:17.197+0000 INFO  [o.n.k.i.DiagnosticsManager]   ArrayPropertyStore v0.A.6: used=1 high=0
2016-03-21 09:00:17.197+0000 INFO  [o.n.k.i.DiagnosticsManager]   NodeStore v0.A.6: used=0 high=-1
2016-03-21 09:00:17.198+0000 INFO  [o.n.k.i.DiagnosticsManager]   StringPropertyStore v0.A.6: used=1 high=0
2016-03-21 09:00:17.198+0000 INFO  [o.n.k.i.DiagnosticsManager]   PropertyIndexStore v0.A.6: used=0 high=-1
2016-03-21 09:00:17.198+0000 INFO  [o.n.k.i.DiagnosticsManager]   StringPropertyStore v0.A.6: used=1 high=0
2016-03-21 09:00:17.198+0000 INFO  [o.n.k.i.DiagnosticsManager]   ArrayPropertyStore v0.A.6: used=1 high=0
2016-03-21 09:00:17.198+0000 INFO  [o.n.k.i.DiagnosticsManager]   PropertyStore v0.A.6: used=0 high=-1
2016-03-21 09:00:17.198+0000 INFO  [o.n.k.i.DiagnosticsManager]   RelationshipStore v0.A.6: used=0 high=-1
2016-03-21 09:00:17.198+0000 INFO  [o.n.k.i.DiagnosticsManager]   StringPropertyStore v0.A.6: used=1 high=0
2016-03-21 09:00:17.198+0000 INFO  [o.n.k.i.DiagnosticsManager]   RelationshipTypeStore v0.A.6: used=0 high=-1
2016-03-21 09:00:17.198+0000 INFO  [o.n.k.i.DiagnosticsManager]   StringPropertyStore v0.A.6: used=1 high=0
2016-03-21 09:00:17.199+0000 INFO  [o.n.k.i.DiagnosticsManager]   LabelTokenStore v0.A.6: used=0 high=-1
2016-03-21 09:00:17.199+0000 INFO  [o.n.k.i.DiagnosticsManager]   SchemaStore v0.A.6: used=1 high=0
2016-03-21 09:00:17.199+0000 INFO  [o.n.k.i.DiagnosticsManager]   RelationshipGroupStore v0.A.6: used=1 high=0
2016-03-21 09:00:17.199+0000 INFO  [o.n.k.i.DiagnosticsManager]   NeoStore v0.A.6: used=13 high=12
2016-03-21 09:00:17.199+0000 INFO  [o.n.k.i.DiagnosticsManager] --- STARTED diagnostics for NEO_STORE_ID_USAGE END ---
2016-03-21 09:00:17.199+0000 INFO  [o.n.k.i.DiagnosticsManager] --- STARTED diagnostics for NEO_STORE_RECORDS START ---
2016-03-21 09:00:17.199+0000 INFO  [o.n.k.i.DiagnosticsManager] Neostore records:
2016-03-21 09:00:17.199+0000 INFO  [o.n.k.i.DiagnosticsManager] TIME (Creation time): 1458550816811
2016-03-21 09:00:17.199+0000 INFO  [o.n.k.i.DiagnosticsManager] RANDOM_NUMBER (Random number for store id): 2476392355597228320
2016-03-21 09:00:17.199+0000 INFO  [o.n.k.i.DiagnosticsManager] LOG_VERSION (Current log version): 0
2016-03-21 09:00:17.199+0000 INFO  [o.n.k.i.DiagnosticsManager] LAST_TRANSACTION_ID (Last committed transaction): 1
2016-03-21 09:00:17.199+0000 INFO  [o.n.k.i.DiagnosticsManager] STORE_VERSION (Store format version): 15250506225055238
2016-03-21 09:00:17.199+0000 INFO  [o.n.k.i.DiagnosticsManager] FIRST_GRAPH_PROPERTY (First property record containing graph properties): -1
2016-03-21 09:00:17.200+0000 INFO  [o.n.k.i.DiagnosticsManager] LAST_CONSTRAINT_TRANSACTION (Last committed transaction containing constraint changes): 0
2016-03-21 09:00:17.200+0000 INFO  [o.n.k.i.DiagnosticsManager] UPGRADE_TRANSACTION_ID (Transaction id most recent upgrade was performed at): 1
2016-03-21 09:00:17.200+0000 INFO  [o.n.k.i.DiagnosticsManager] UPGRADE_TIME (Time of last upgrade): 1458550816811
2016-03-21 09:00:17.200+0000 INFO  [o.n.k.i.DiagnosticsManager] LAST_TRANSACTION_CHECKSUM (Checksum of last committed transaction): 0
2016-03-21 09:00:17.200+0000 INFO  [o.n.k.i.DiagnosticsManager] UPGRADE_TRANSACTION_CHECKSUM (Checksum of transaction id the most recent upgrade was performed at): 0
2016-03-21 09:00:17.200+0000 INFO  [o.n.k.i.DiagnosticsManager] LAST_CLOSED_TRANSACTION_LOG_VERSION (Log version where the last transaction commit entry has been written into): 0
2016-03-21 09:00:17.200+0000 INFO  [o.n.k.i.DiagnosticsManager] LAST_CLOSED_TRANSACTION_LOG_BYTE_OFFSET (Byte offset in the log file where the last transaction commit entry has been written into): 16
2016-03-21 09:00:17.200+0000 INFO  [o.n.k.i.DiagnosticsManager] --- STARTED diagnostics for NEO_STORE_RECORDS END ---
2016-03-21 09:00:17.200+0000 INFO  [o.n.k.i.DiagnosticsManager] --- STARTED diagnostics for TRANSACTION_RANGE START ---
2016-03-21 09:00:17.200+0000 INFO  [o.n.k.i.DiagnosticsManager] Transaction log:
2016-03-21 09:00:17.200+0000 INFO  [o.n.k.i.DiagnosticsManager] No transactions found in any log
2016-03-21 09:00:17.200+0000 INFO  [o.n.k.i.DiagnosticsManager] --- STARTED diagnostics for TRANSACTION_RANGE END ---
2016-03-21 09:00:17.201+0000 INFO  [o.n.k.i.DiagnosticsManager] --- STARTED diagnostics for KernelDiagnostics:StoreFiles START ---
2016-03-21 09:00:17.201+0000 INFO  [o.n.k.i.DiagnosticsManager] Disk space on partition (Total / Free / Free %): 975996604416 / 846126415872 / 86
Storage files: (filename : modification date - size)
2016-03-21 09:00:17.201+0000 INFO  [o.n.k.i.DiagnosticsManager]   index:
2016-03-21 09:00:17.201+0000 INFO  [o.n.k.i.DiagnosticsManager]   - Total: 2016-03-21T15:00:16+0600 - 0.00 B
2016-03-21 09:00:17.202+0000 INFO  [o.n.k.i.DiagnosticsManager]   messages.log: 2016-03-21T15:00:17+0600 - 28.48 kB
2016-03-21 09:00:17.202+0000 INFO  [o.n.k.i.DiagnosticsManager]   neostore: 2016-03-21T15:00:16+0600 - 8.00 kB
2016-03-21 09:00:17.202+0000 INFO  [o.n.k.i.DiagnosticsManager]   neostore.counts.db.a: 2016-03-21T15:00:17+0600 - 96.00 B
2016-03-21 09:00:17.202+0000 INFO  [o.n.k.i.DiagnosticsManager]   neostore.id: 2016-03-21T15:00:16+0600 - 9.00 B
2016-03-21 09:00:17.202+0000 INFO  [o.n.k.i.DiagnosticsManager]   neostore.labeltokenstore.db: 2016-03-21T15:00:16+0600 - 0.00 B
2016-03-21 09:00:17.202+0000 INFO  [o.n.k.i.DiagnosticsManager]   neostore.labeltokenstore.db.id: 2016-03-21T15:00:16+0600 - 9.00 B
2016-03-21 09:00:17.202+0000 INFO  [o.n.k.i.DiagnosticsManager]   neostore.labeltokenstore.db.names: 2016-03-21T15:00:16+0600 - 8.00 kB
2016-03-21 09:00:17.202+0000 INFO  [o.n.k.i.DiagnosticsManager]   neostore.labeltokenstore.db.names.id: 2016-03-21T15:00:16+0600 - 9.00 B
2016-03-21 09:00:17.202+0000 INFO  [o.n.k.i.DiagnosticsManager]   neostore.nodestore.db: 2016-03-21T15:00:15+0600 - 0.00 B
2016-03-21 09:00:17.203+0000 INFO  [o.n.k.i.DiagnosticsManager]   neostore.nodestore.db.id: 2016-03-21T15:00:15+0600 - 9.00 B
2016-03-21 09:00:17.203+0000 INFO  [o.n.k.i.DiagnosticsManager]   neostore.nodestore.db.labels: 2016-03-21T15:00:15+0600 - 8.00 kB
2016-03-21 09:00:17.203+0000 INFO  [o.n.k.i.DiagnosticsManager]   neostore.nodestore.db.labels.id: 2016-03-21T15:00:15+0600 - 9.00 B
2016-03-21 09:00:17.203+0000 INFO  [o.n.k.i.DiagnosticsManager]   neostore.propertystore.db: 2016-03-21T15:00:16+0600 - 0.00 B
2016-03-21 09:00:17.203+0000 INFO  [o.n.k.i.DiagnosticsManager]   neostore.propertystore.db.arrays: 2016-03-21T15:00:16+0600 - 8.00 kB
2016-03-21 09:00:17.203+0000 INFO  [o.n.k.i.DiagnosticsManager]   neostore.propertystore.db.arrays.id: 2016-03-21T15:00:16+0600 - 9.00 B
2016-03-21 09:00:17.203+0000 INFO  [o.n.k.i.DiagnosticsManager]   neostore.propertystore.db.id: 2016-03-21T15:00:16+0600 - 9.00 B
2016-03-21 09:00:17.203+0000 INFO  [o.n.k.i.DiagnosticsManager]   neostore.propertystore.db.index: 2016-03-21T15:00:15+0600 - 0.00 B
2016-03-21 09:00:17.203+0000 INFO  [o.n.k.i.DiagnosticsManager]   neostore.propertystore.db.index.id: 2016-03-21T15:00:15+0600 - 9.00 B
2016-03-21 09:00:17.203+0000 INFO  [o.n.k.i.DiagnosticsManager]   neostore.propertystore.db.index.keys: 2016-03-21T15:00:15+0600 - 8.00 kB
2016-03-21 09:00:17.204+0000 INFO  [o.n.k.i.DiagnosticsManager]   neostore.propertystore.db.index.keys.id: 2016-03-21T15:00:15+0600 - 9.00 B
2016-03-21 09:00:17.204+0000 INFO  [o.n.k.i.DiagnosticsManager]   neostore.propertystore.db.strings: 2016-03-21T15:00:16+0600 - 8.00 kB
2016-03-21 09:00:17.204+0000 INFO  [o.n.k.i.DiagnosticsManager]   neostore.propertystore.db.strings.id: 2016-03-21T15:00:16+0600 - 9.00 B
2016-03-21 09:00:17.204+0000 INFO  [o.n.k.i.DiagnosticsManager]   neostore.relationshipgroupstore.db: 2016-03-21T15:00:16+0600 - 8.00 kB
2016-03-21 09:00:17.204+0000 INFO  [o.n.k.i.DiagnosticsManager]   neostore.relationshipgroupstore.db.id: 2016-03-21T15:00:16+0600 - 9.00 B
2016-03-21 09:00:17.204+0000 INFO  [o.n.k.i.DiagnosticsManager]   neostore.relationshipstore.db: 2016-03-21T15:00:16+0600 - 0.00 B
2016-03-21 09:00:17.204+0000 INFO  [o.n.k.i.DiagnosticsManager]   neostore.relationshipstore.db.id: 2016-03-21T15:00:16+0600 - 9.00 B
2016-03-21 09:00:17.204+0000 INFO  [o.n.k.i.DiagnosticsManager]   neostore.relationshiptypestore.db: 2016-03-21T15:00:16+0600 - 0.00 B
2016-03-21 09:00:17.204+0000 INFO  [o.n.k.i.DiagnosticsManager]   neostore.relationshiptypestore.db.id: 2016-03-21T15:00:16+0600 - 9.00 B
2016-03-21 09:00:17.205+0000 INFO  [o.n.k.i.DiagnosticsManager]   neostore.relationshiptypestore.db.names: 2016-03-21T15:00:16+0600 - 8.00 kB
2016-03-21 09:00:17.205+0000 INFO  [o.n.k.i.DiagnosticsManager]   neostore.relationshiptypestore.db.names.id: 2016-03-21T15:00:16+0600 - 9.00 B
2016-03-21 09:00:17.205+0000 INFO  [o.n.k.i.DiagnosticsManager]   neostore.schemastore.db: 2016-03-21T15:00:16+0600 - 8.00 kB
2016-03-21 09:00:17.205+0000 INFO  [o.n.k.i.DiagnosticsManager]   neostore.schemastore.db.id: 2016-03-21T15:00:16+0600 - 9.00 B
2016-03-21 09:00:17.205+0000 INFO  [o.n.k.i.DiagnosticsManager]   neostore.transaction.db.0: 2016-03-21T15:00:16+0600 - 16.00 B
2016-03-21 09:00:17.205+0000 INFO  [o.n.k.i.DiagnosticsManager]   schema:
2016-03-21 09:00:17.205+0000 INFO  [o.n.k.i.DiagnosticsManager]     label:
2016-03-21 09:00:17.205+0000 INFO  [o.n.k.i.DiagnosticsManager]       lucene:
2016-03-21 09:00:17.205+0000 INFO  [o.n.k.i.DiagnosticsManager]         write.lock: 2016-03-21T15:00:16+0600 - 0.00 B
2016-03-21 09:00:17.206+0000 INFO  [o.n.k.i.DiagnosticsManager]       - Total: 2016-03-21T15:00:16+0600 - 0.00 B
2016-03-21 09:00:17.206+0000 INFO  [o.n.k.i.DiagnosticsManager]     - Total: 2016-03-21T15:00:16+0600 - 0.00 B
2016-03-21 09:00:17.206+0000 INFO  [o.n.k.i.DiagnosticsManager]   - Total: 2016-03-21T15:00:16+0600 - 0.00 B
2016-03-21 09:00:17.206+0000 INFO  [o.n.k.i.DiagnosticsManager]   store_lock: 2016-03-21T15:00:15+0600 - 0.00 B
2016-03-21 09:00:17.206+0000 INFO  [o.n.k.i.DiagnosticsManager] --- STARTED diagnostics for KernelDiagnostics:StoreFiles END ---
